c:\users\edcai\onedrive\code\minesweeper_1\minesweeper_1\debug\vc141.pdb
c:\users\edcai\onedrive\code\minesweeper_1\minesweeper_1\debug\vc141.idb
c:\users\edcai\onedrive\code\minesweeper_1\minesweeper_1\debug\mgraphics.obj
c:\users\edcai\onedrive\code\minesweeper_1\minesweeper_1\debug\mgame.obj
c:\users\edcai\onedrive\code\minesweeper_1\debug\minesweeper_1.pdb
c:\users\edcai\onedrive\code\minesweeper_1\minesweeper_1\debug\minesweeper_1.tlog\cl.command.1.tlog
c:\users\edcai\onedrive\code\minesweeper_1\minesweeper_1\debug\minesweeper_1.tlog\cl.read.1.tlog
c:\users\edcai\onedrive\code\minesweeper_1\minesweeper_1\debug\minesweeper_1.tlog\cl.write.1.tlog
c:\users\edcai\onedrive\code\minesweeper_1\minesweeper_1\debug\minesweeper_1.tlog\link-cvtres.read.1.tlog
c:\users\edcai\onedrive\code\minesweeper_1\minesweeper_1\debug\minesweeper_1.tlog\link-cvtres.write.1.tlog
c:\users\edcai\onedrive\code\minesweeper_1\minesweeper_1\debug\minesweeper_1.tlog\link-rc.read.1.tlog
c:\users\edcai\onedrive\code\minesweeper_1\minesweeper_1\debug\minesweeper_1.tlog\link-rc.write.1.tlog
c:\users\edcai\onedrive\code\minesweeper_1\minesweeper_1\debug\minesweeper_1.tlog\link.18000-cvtres.read.1.tlog
c:\users\edcai\onedrive\code\minesweeper_1\minesweeper_1\debug\minesweeper_1.tlog\link.18000-cvtres.write.1.tlog
c:\users\edcai\onedrive\code\minesweeper_1\minesweeper_1\debug\minesweeper_1.tlog\link.18000-rc.read.1.tlog
c:\users\edcai\onedrive\code\minesweeper_1\minesweeper_1\debug\minesweeper_1.tlog\link.18000-rc.write.1.tlog
c:\users\edcai\onedrive\code\minesweeper_1\minesweeper_1\debug\minesweeper_1.tlog\link.18000.read.1.tlog
c:\users\edcai\onedrive\code\minesweeper_1\minesweeper_1\debug\minesweeper_1.tlog\link.18000.write.1.tlog
c:\users\edcai\onedrive\code\minesweeper_1\minesweeper_1\debug\minesweeper_1.tlog\link.command.1.tlog
c:\users\edcai\onedrive\code\minesweeper_1\minesweeper_1\debug\minesweeper_1.tlog\link.read.1.tlog
c:\users\edcai\onedrive\code\minesweeper_1\minesweeper_1\debug\minesweeper_1.tlog\link.write.1.tlog
